Application/build/intermediates/manifest_merge_blame_file/debug/manifest-merger-blame-debug-report.txt
1<?xml version="1.0" encoding="utf-8"?>
2<!--
3     Copyright (C) 2021 The Android Open Source Project
4     Licensed under the Apache License, Version 2.0 (the "License");
5     you may not use this file except in compliance with the License.
6     You may obtain a copy of the License at
7          http://www.apache.org/licenses/LICENSE-2.0
8     Unless required by applicable law or agreed to in writing, software
9     distributed under the License is distributed on an "AS IS" BASIS,
10     WITHOUT WARRANTIES OR CONDITIONS OF ANY KIND, either express or implied.
11     See the License for the specific language governing permissions and
12     limitations under the License.
13-->
14<manifest xmlns:android="http://schemas.android.com/apk/res/android"
15    package="com.example.android.wearable.runtimepermissions"
16    android:versionCode="1"
17    android:versionName="1.0" >
18
19    <uses-sdk
20        android:minSdkVersion="18"
20-->src\main\AndroidManifest.xml
21        android:targetSdkVersion="33" />
21-->src\main\AndroidManifest.xml
22
23    <!-- Permissions for phone. -->
24    <uses-permission
24-->src\main\AndroidManifest.xml:19:5-21:38
25        android:name="android.permission.READ_PHONE_STATE"
25-->src\main\AndroidManifest.xml:20:9-59
26        android:maxSdkVersion="25" />
26-->src\main\AndroidManifest.xml:21:9-35
27    <uses-permission android:name="android.permission.READ_PHONE_NUMBERS" />
27-->src\main\AndroidManifest.xml:22:5-77
27-->src\main\AndroidManifest.xml:22:22-74
28
29    <!--
30    Permissions for wearable:
31    Earlier watches require their permissions to be a subset of the phone apps permission in order
32    for the wear app to be installed. Therefore, you must include the permissions here as well as in
33    the wear manifest.
34    -->
35    <uses-permission android:name="android.permission.BODY_SENSORS" />
35-->src\main\AndroidManifest.xml:29:5-71
35-->src\main\AndroidManifest.xml:29:22-68
36    <uses-permission android:name="android.permission.WAKE_LOCK" />
36-->src\main\AndroidManifest.xml:30:5-68
36-->src\main\AndroidManifest.xml:30:22-65
37
38    <permission
38-->[androidx.core:core:1.10.0] AndroidManifest.xml:22:5-24:47
39        android:name="com.example.android.wearable.runtimepermissions.DYNAMIC_RECEIVER_NOT_EXPORTED_PERMISSION"
39-->[androidx.core:core:1.10.0] AndroidManifest.xml:23:9-81
40        android:protectionLevel="signature" />
40-->[androidx.core:core:1.10.0] AndroidManifest.xml:24:9-44
41
42    <uses-permission android:name="com.example.android.wearable.runtimepermissions.DYNAMIC_RECEIVER_NOT_EXPORTED_PERMISSION" />
42-->[androidx.core:core:1.10.0] AndroidManifest.xml:26:5-97
42-->[androidx.core:core:1.10.0] AndroidManifest.xml:26:22-94
43
44    <application
44-->src\main\AndroidManifest.xml:32:5-71:19
45        android:allowBackup="false"
45-->src\main\AndroidManifest.xml:33:9-36
46        android:appComponentFactory="androidx.core.app.CoreComponentFactory"
46-->[androidx.core:core:1.10.0] AndroidManifest.xml:28:18-86
47        android:debuggable="true"
48        android:icon="@mipmap/ic_launcher"
48-->src\main\AndroidManifest.xml:34:9-43
49        android:label="@string/app_name"
49-->src\main\AndroidManifest.xml:35:9-41
50        android:theme="@style/Theme.AppCompat.Light" >
50-->src\main\AndroidManifest.xml:36:9-53
51        <activity
51-->src\main\AndroidManifest.xml:38:9-47:20
52            android:name="com.example.android.wearable.runtimepermissions.MainPhoneActivity"
52-->src\main\AndroidManifest.xml:39:13-46
53            android:exported="true"
53-->src\main\AndroidManifest.xml:41:13-36
54            android:launchMode="singleTask" >
54-->src\main\AndroidManifest.xml:40:13-44
55            <intent-filter>
55-->src\main\AndroidManifest.xml:42:13-46:29
56                <action android:name="android.intent.action.MAIN" />
56-->src\main\AndroidManifest.xml:43:17-69
56-->src\main\AndroidManifest.xml:43:25-66
57
58                <category android:name="android.intent.category.LAUNCHER" />
58-->src\main\AndroidManifest.xml:45:17-77
58-->src\main\AndroidManifest.xml:45:27-74
59            </intent-filter>
60        </activity>
61        <activity
61-->src\main\AndroidManifest.xml:49:9-52:72
62            android:name="com.example.android.wearable.runtimepermissions.PhonePermissionRequestActivity"
62-->src\main\AndroidManifest.xml:50:13-59
63            android:label="@string/title_activity_phone_permission_request"
63-->src\main\AndroidManifest.xml:51:13-76
64            android:theme="@style/Theme.AppCompat.Light.NoActionBar" />
64-->src\main\AndroidManifest.xml:52:13-69
65        <activity
65-->src\main\AndroidManifest.xml:54:9-57:72
66            android:name="com.example.android.wearable.runtimepermissions.WearPermissionRequestActivity"
66-->src\main\AndroidManifest.xml:55:13-58
67            android:label="@string/title_activity_wear_permission_request"
67-->src\main\AndroidManifest.xml:56:13-75
68            android:theme="@style/Theme.AppCompat.Light.NoActionBar" />
68-->src\main\AndroidManifest.xml:57:13-69
69
70        <service
70-->src\main\AndroidManifest.xml:59:9-70:19
71            android:name="com.example.android.wearable.runtimepermissions.IncomingRequestPhoneService"
71-->src\main\AndroidManifest.xml:60:13-56
72            android:enabled="true"
72-->src\main\AndroidManifest.xml:61:13-35
73            android:exported="true" >
73-->src\main\AndroidManifest.xml:62:13-36
74            <intent-filter>
74-->src\main\AndroidManifest.xml:63:13-69:29
75                <action android:name="com.google.android.gms.wearable.MESSAGE_RECEIVED" />
75-->src\main\AndroidManifest.xml:64:17-91
75-->src\main\AndroidManifest.xml:64:25-88
76
77                <data
77-->src\main\AndroidManifest.xml:65:17-68:45
78                    android:host="*"
78-->src\main\AndroidManifest.xml:66:21-37
79                    android:pathPrefix="/"
79-->src\main\AndroidManifest.xml:67:21-43
80                    android:scheme="wear" />
80-->src\main\AndroidManifest.xml:68:21-42
81            </intent-filter>
82        </service>
83
84        <activity
84-->[com.google.android.gms:play-services-base:18.0.1] AndroidManifest.xml:20:9-22:45
85            android:name="com.google.android.gms.common.api.GoogleApiActivity"
85-->[com.google.android.gms:play-services-base:18.0.1] AndroidManifest.xml:20:19-85
86            android:exported="false"
86-->[com.google.android.gms:play-services-base:18.0.1] AndroidManifest.xml:22:19-43
87            android:theme="@android:style/Theme.Translucent.NoTitleBar" />
87-->[com.google.android.gms:play-services-base:18.0.1] AndroidManifest.xml:21:19-78
88
89        <meta-data
89-->[com.google.android.gms:play-services-basement:18.0.0] AndroidManifest.xml:21:9-23:69
90            android:name="com.google.android.gms.version"
90-->[com.google.android.gms:play-services-basement:18.0.0] AndroidManifest.xml:22:13-58
91            android:value="@integer/google_play_services_version" />
91-->[com.google.android.gms:play-services-basement:18.0.0] AndroidManifest.xml:23:13-66
92
93        <provider
93-->[androidx.emoji2:emoji2:1.2.0] AndroidManifest.xml:24:9-32:20
94            android:name="androidx.startup.InitializationProvider"
94-->[androidx.emoji2:emoji2:1.2.0] AndroidManifest.xml:25:13-67
95            android:authorities="com.example.android.wearable.runtimepermissions.androidx-startup"
95-->[androidx.emoji2:emoji2:1.2.0] AndroidManifest.xml:26:13-68
96            android:exported="false" >
96-->[androidx.emoji2:emoji2:1.2.0] AndroidManifest.xml:27:13-37
97            <meta-data
97-->[androidx.emoji2:emoji2:1.2.0] AndroidManifest.xml:29:13-31:52
98                android:name="androidx.emoji2.text.EmojiCompatInitializer"
98-->[androidx.emoji2:emoji2:1.2.0] AndroidManifest.xml:30:17-75
99                android:value="androidx.startup" />
99-->[androidx.emoji2:emoji2:1.2.0] AndroidManifest.xml:31:17-49
100            <meta-data
100-->[androidx.lifecycle:lifecycle-process:2.6.1] AndroidManifest.xml:29:13-31:52
101                android:name="androidx.lifecycle.ProcessLifecycleInitializer"
101-->[androidx.lifecycle:lifecycle-process:2.6.1] AndroidManifest.xml:30:17-78
102                android:value="androidx.startup" />
102-->[androidx.lifecycle:lifecycle-process:2.6.1] AndroidManifest.xml:31:17-49
103            <meta-data
103-->[androidx.profileinstaller:profileinstaller:1.3.0] AndroidManifest.xml:29:13-31:52
104                android:name="androidx.profileinstaller.ProfileInstallerInitializer"
104-->[androidx.profileinstaller:profileinstaller:1.3.0] AndroidManifest.xml:30:17-85
105                android:value="androidx.startup" />
105-->[androidx.profileinstaller:profileinstaller:1.3.0] AndroidManifest.xml:31:17-49
106        </provider>
107
108        <receiver
108-->[androidx.profileinstaller:profileinstaller:1.3.0] AndroidManifest.xml:34:9-52:20
109            android:name="androidx.profileinstaller.ProfileInstallReceiver"
109-->[androidx.profileinstaller:profileinstaller:1.3.0] AndroidManifest.xml:35:13-76
110            android:directBootAware="false"
110-->[androidx.profileinstaller:profileinstaller:1.3.0] AndroidManifest.xml:36:13-44
111            android:enabled="true"
111-->[androidx.profileinstaller:profileinstaller:1.3.0] AndroidManifest.xml:37:13-35
112            android:exported="true"
112-->[androidx.profileinstaller:profileinstaller:1.3.0] AndroidManifest.xml:38:13-36
113            android:permission="android.permission.DUMP" >
113-->[androidx.profileinstaller:profileinstaller:1.3.0] AndroidManifest.xml:39:13-57
114            <intent-filter>
114-->[androidx.profileinstaller:profileinstaller:1.3.0] AndroidManifest.xml:40:13-42:29
115                <action android:name="androidx.profileinstaller.action.INSTALL_PROFILE" />
115-->[androidx.profileinstaller:profileinstaller:1.3.0] AndroidManifest.xml:41:17-91
115-->[androidx.profileinstaller:profileinstaller:1.3.0] AndroidManifest.xml:41:25-88
116            </intent-filter>
117            <intent-filter>
117-->[androidx.profileinstaller:profileinstaller:1.3.0] AndroidManifest.xml:43:13-45:29
118                <action android:name="androidx.profileinstaller.action.SKIP_FILE" />
118-->[androidx.profileinstaller:profileinstaller:1.3.0] AndroidManifest.xml:44:17-85
118-->[androidx.profileinstaller:profileinstaller:1.3.0] AndroidManifest.xml:44:25-82
119            </intent-filter>
120            <intent-filter>
120-->[androidx.profileinstaller:profileinstaller:1.3.0] AndroidManifest.xml:46:13-48:29
121                <action android:name="androidx.profileinstaller.action.SAVE_PROFILE" />
121-->[androidx.profileinstaller:profileinstaller:1.3.0] AndroidManifest.xml:47:17-88
121-->[androidx.profileinstaller:profileinstaller:1.3.0] AndroidManifest.xml:47:25-85
122            </intent-filter>
123            <intent-filter>
123-->[androidx.profileinstaller:profileinstaller:1.3.0] AndroidManifest.xml:49:13-51:29
124                <action android:name="androidx.profileinstaller.action.BENCHMARK_OPERATION" />
124-->[androidx.profileinstaller:profileinstaller:1.3.0] AndroidManifest.xml:50:17-95
124-->[androidx.profileinstaller:profileinstaller:1.3.0] AndroidManifest.xml:50:25-92
125            </intent-filter>
126        </receiver>
127    </application>
128
129</manifest>